XX.C001,27.9782,104.8303,1087.0,1265820000.
XX.C002,27.9792,104.8658,888.0,1265820000.
XX.C003,27.9801,104.9066,1010.0,1265820000.
XX.C004,27.9815,104.9382,855.0,1265820000.
XX.C005,27.9770,104.9698,911.0,1265820000.
XX.C006,27.9796,105.0043,932.0,1265820000.
XX.C007,27.9839,105.0341,889.0,1265820000.
XX.C008,27.9722,105.0777,1062.0,1265820000.
XX.C009,27.9813,105.1101,1285.0,1265820000.
XX.C010,27.9798,105.1427,1092.0,1265820000.
XX.C011,28.0178,104.7594,760.0,1265820000.
XX.C012,28.0152,104.7927,811.0,1265820000.
XX.C013,28.0123,104.8251,730.0,1265820000.
XX.C014,28.0150,104.8662,557.0,1265820000.
XX.C015,28.0149,104.9032,481.0,1265820000.
XX.C016,28.0145,104.9323,852.0,1265820000.
XX.C017,28.0165,104.9700,751.0,1265820000.
XX.C018,28.0186,105.0036,820.0,1265820000.
XX.C019,28.0138,105.0362,734.0,1265820000.
XX.C020,28.0179,105.0734,627.0,1265820000.
XX.C021,28.0204,105.1056,956.0,1265820000.
XX.C022,28.0063,105.1437,1353.0,1265820000.
XX.C023,28.0508,104.7280,936.0,1265820000.
XX.C024,28.0515,104.7546,501.0,1265820000.
XX.C025,28.0521,104.7938,971.0,1265820000.
XX.C026,28.0516,104.8261,588.0,1265820000.
XX.C027,28.0461,104.8650,535.0,1265820000.
XX.C028,28.0503,104.8987,925.0,1265820000.
XX.C029,28.0489,104.9327,875.0,1265820000.
XX.C030,28.0505,104.9765,827.0,1265820000.
XX.C031,28.0506,105.0048,734.0,1265820000.
XX.C032,28.0523,105.0363,726.0,1265820000.
XX.C033,28.0543,105.0747,853.0,1265820000.
XX.C034,28.0466,105.1099,719.0,1265820000.
XX.C035,28.0486,105.1441,912.0,1265820000.
XX.C036,28.0849,104.6907,529.0,1265820000.
XX.C037,28.0808,104.7238,873.0,1265820000.
XX.C038,28.0879,104.7641,549.0,1265820000.
XX.C039,28.0893,104.7986,850.0,1265820000.
XX.C040,28.0834,104.8269,532.0,1265820000.
XX.C041,28.0880,104.8602,676.0,1265820000.
XX.C042,28.0812,104.9004,633.0,1265820000.
XX.C043,28.0813,104.9344,676.0,1265820000.
XX.C044,28.1082,104.6560,990.0,1265820000.
XX.C045,28.1244,104.7254,764.0,1265820000.
XX.C046,28.1199,104.7623,597.0,1265820000.
XX.C047,28.1187,104.7950,692.0,1265820000.
XX.C048,28.1169,104.8416,756.0,1265820000.
XX.C049,28.1174,104.9048,865.0,1265820000.
XX.C050,28.1142,104.9462,679.0,1265820000.
XX.C051,28.1020,105.0005,1061.0,1265820000.
XX.C052,28.1081,105.0547,1299.0,1265820000.
XX.C053,28.1026,105.0982,911.0,1265820000.
XX.C054,28.1512,104.7006,588.0,1265820000.
XX.C055,28.1532,104.7483,397.0,1265820000.
XX.C056,28.1505,104.7977,434.0,1265820000.
XX.C057,28.1574,104.8473,719.0,1265820000.
XX.C058,28.1584,104.8951,878.0,1265820000.
XX.C059,28.1498,104.9419,699.0,1265820000.
XX.C060,28.1457,104.9979,755.0,1265820000.
XX.C061,28.1505,105.0517,1165.0,1265820000.
XX.C062,28.1477,105.0999,995.0,1265820000.
XX.C063,28.2079,104.7048,456.0,1265820000.
XX.C064,28.2008,104.7525,707.0,1265820000.
XX.C065,28.2001,104.8010,1034.0,1265820000.
XX.C066,28.2051,104.8471,846.0,1265820000.
XX.C067,28.2050,104.8959,903.0,1265820000.
XX.C068,28.2077,104.9497,1027.0,1265820000.
XX.C069,28.2006,105.0038,1342.0,1265820000.
XX.C070,28.1978,105.0470,1365.0,1265820000.
XX.C071,28.1971,105.1015,1201.0,1265820000.
XX.C072,28.2495,104.7442,488.0,1265820000.
XX.C073,28.2504,104.7993,666.0,1265820000.
XX.C074,28.2520,104.8513,823.0,1265820000.
XX.C075,28.2489,104.8990,1123.0,1265820000.
XX.C076,28.2434,104.9492,918.0,1265820000.
XX.C077,28.2527,104.9918,1202.0,1265820000.
XX.C078,28.2610,105.0490,694.0,1265820000.
XX.C079,28.2514,105.0980,890.0,1265820000.
XX.C080,28.3012,104.7966,555.0,1265820000.
XX.C081,28.3029,104.7477,879.0,1265820000.
XX.C082,28.2599,104.7011,461.0,1265820000.
XX.C083,28.3013,104.8510,814.0,1265820000.
XX.C084,28.3039,104.9025,819.0,1265820000.
XX.C085,28.2956,104.9542,1117.0,1265820000.
XX.C086,28.3005,104.9985,542.0,1265820000.
XX.C087,28.2964,105.0480,859.0,1265820000.
XX.C088,28.3505,104.6919,587.0,1265820000.
XX.C089,28.3522,104.7542,833.0,1265820000.
XX.C090,28.3481,104.8031,722.0,1265820000.
XX.C091,28.3499,104.8526,635.0,1265820000.
XX.C092,28.3481,104.9016,755.0,1265820000.
XX.C093,28.3427,104.9465,557.0,1265820000.
XX.C094,28.3489,104.9971,329.0,1265820000.
XX.C095,28.3981,104.7558,550.0,1265820000.
XX.C096,28.3971,104.7980,382.0,1265820000.
XX.C097,28.3967,104.8481,494.0,1265820000.
XX.C098,28.3975,104.9165,336.0,1265820000.
XX.C099,28.3920,104.9573,403.0,1265820000.
XX.C100,28.4479,104.7038,477.0,1265820000.
XX.C101,28.4495,104.7516,413.0,1265820000.
XX.C102,28.4525,104.7993,358.0,1265820000.
XX.C103,28.4544,104.8494,301.0,1265820000.
XX.C104,28.4492,104.8991,332.0,1265820000.
XX.C105,28.5024,104.6973,434.0,1265820000.
XX.C106,28.4963,104.7557,411.0,1265820000.
XX.C107,28.5020,104.8006,378.0,1265820000.
